platforms/android/app/build/intermediates/manifest_merge_blame_file/debug/processDebugMainManifest/manifest-merger-blame-debug-report.txt
1<?xml version="1.0" encoding="utf-8"?>
2<manifest xmlns:android="http://schemas.android.com/apk/res/android"
3    package="br.com.curso.greentech"
4    android:hardwareAccelerated="true"
5    android:versionCode="10000"
6    android:versionName="1.0.0" >
7
8    <uses-sdk
9        android:minSdkVersion="24"
10        android:targetSdkVersion="34" />
11
12    <supports-screens
12-->src\main\AndroidManifest.xml:3:5-191
13        android:anyDensity="true"
13-->src\main\AndroidManifest.xml:3:23-48
14        android:largeScreens="true"
14-->src\main\AndroidManifest.xml:3:49-76
15        android:normalScreens="true"
15-->src\main\AndroidManifest.xml:3:77-105
16        android:resizeable="true"
16-->src\main\AndroidManifest.xml:3:106-131
17        android:smallScreens="true"
17-->src\main\AndroidManifest.xml:3:132-159
18        android:xlargeScreens="true" />
18-->src\main\AndroidManifest.xml:3:160-188
19
20    <uses-permission android:name="android.permission.INTERNET" />
20-->src\main\AndroidManifest.xml:4:5-67
20-->src\main\AndroidManifest.xml:4:22-64
21
22    <queries>
22-->src\main\AndroidManifest.xml:16:5-20:15
23        <intent>
23-->src\main\AndroidManifest.xml:17:9-19:18
24            <action android:name="android.media.action.IMAGE_CAPTURE" />
24-->src\main\AndroidManifest.xml:18:13-73
24-->src\main\AndroidManifest.xml:18:21-70
25        </intent>
26    </queries>
27
28    <permission
28-->[androidx.core:core:1.9.0] AndroidManifest.xml:22:5-24:47
29        android:name="br.com.curso.greentech.DYNAMIC_RECEIVER_NOT_EXPORTED_PERMISSION"
29-->[androidx.core:core:1.9.0] AndroidManifest.xml:23:9-81
30        android:protectionLevel="signature" />
30-->[androidx.core:core:1.9.0] AndroidManifest.xml:24:9-44
31
32    <uses-permission android:name="br.com.curso.greentech.DYNAMIC_RECEIVER_NOT_EXPORTED_PERMISSION" />
32-->[androidx.core:core:1.9.0] AndroidManifest.xml:26:5-97
32-->[androidx.core:core:1.9.0] AndroidManifest.xml:26:22-94
33
34    <application
34-->src\main\AndroidManifest.xml:5:5-15:19
35        android:appComponentFactory="androidx.core.app.CoreComponentFactory"
35-->[androidx.core:core:1.9.0] AndroidManifest.xml:28:18-86
36        android:debuggable="true"
37        android:extractNativeLibs="false"
38        android:hardwareAccelerated="true"
38-->src\main\AndroidManifest.xml:5:18-52
39        android:icon="@mipmap/ic_launcher"
39-->src\main\AndroidManifest.xml:5:53-87
40        android:label="@string/app_name"
40-->src\main\AndroidManifest.xml:5:88-120
41        android:supportsRtl="true" >
41-->src\main\AndroidManifest.xml:5:121-147
42        <activity
42-->src\main\AndroidManifest.xml:6:9-11:20
43            android:name="br.com.curso.greentech.MainActivity"
43-->src\main\AndroidManifest.xml:6:229-256
44            android:configChanges="orientation|keyboardHidden|keyboard|screenSize|locale|smallestScreenSize|screenLayout|uiMode"
44-->src\main\AndroidManifest.xml:6:19-135
45            android:exported="true"
45-->src\main\AndroidManifest.xml:6:136-159
46            android:label="@string/activity_name"
46-->src\main\AndroidManifest.xml:6:160-197
47            android:launchMode="singleTop"
47-->src\main\AndroidManifest.xml:6:198-228
48            android:theme="@style/Theme.App.SplashScreen"
48-->src\main\AndroidManifest.xml:6:257-302
49            android:windowSoftInputMode="adjustResize" >
49-->src\main\AndroidManifest.xml:6:303-345
50            <intent-filter android:label="@string/launcher_name" >
50-->src\main\AndroidManifest.xml:7:13-10:29
50-->src\main\AndroidManifest.xml:7:28-65
51                <action android:name="android.intent.action.MAIN" />
51-->src\main\AndroidManifest.xml:8:17-69
51-->src\main\AndroidManifest.xml:8:25-66
52
53                <category android:name="android.intent.category.LAUNCHER" />
53-->src\main\AndroidManifest.xml:9:17-77
53-->src\main\AndroidManifest.xml:9:27-74
54            </intent-filter>
55        </activity>
56
57        <provider
58            android:name="androidx.core.content.FileProvider"
58-->src\main\AndroidManifest.xml:12:141-190
59            android:authorities="br.com.curso.greentech.cdv.core.file.provider"
59-->src\main\AndroidManifest.xml:12:19-80
60            android:exported="false"
60-->src\main\AndroidManifest.xml:12:81-105
61            android:grantUriPermissions="true" >
61-->src\main\AndroidManifest.xml:12:106-140
62            <meta-data
62-->src\main\AndroidManifest.xml:13:13-130
63                android:name="android.support.FILE_PROVIDER_PATHS"
63-->src\main\AndroidManifest.xml:13:24-74
64                android:resource="@xml/cdv_core_file_provider_paths" />
64-->src\main\AndroidManifest.xml:13:75-127
65        </provider>
66        <provider
66-->[androidx.emoji2:emoji2:1.2.0] AndroidManifest.xml:24:9-32:20
67            android:name="androidx.startup.InitializationProvider"
67-->[androidx.emoji2:emoji2:1.2.0] AndroidManifest.xml:25:13-67
68            android:authorities="br.com.curso.greentech.androidx-startup"
68-->[androidx.emoji2:emoji2:1.2.0] AndroidManifest.xml:26:13-68
69            android:exported="false" >
69-->[androidx.emoji2:emoji2:1.2.0] AndroidManifest.xml:27:13-37
70            <meta-data
70-->[androidx.emoji2:emoji2:1.2.0] AndroidManifest.xml:29:13-31:52
71                android:name="androidx.emoji2.text.EmojiCompatInitializer"
71-->[androidx.emoji2:emoji2:1.2.0] AndroidManifest.xml:30:17-75
72                android:value="androidx.startup" />
72-->[androidx.emoji2:emoji2:1.2.0] AndroidManifest.xml:31:17-49
73            <meta-data
73-->[androidx.lifecycle:lifecycle-process:2.4.1] AndroidManifest.xml:31:13-33:52
74                android:name="androidx.lifecycle.ProcessLifecycleInitializer"
74-->[androidx.lifecycle:lifecycle-process:2.4.1] AndroidManifest.xml:32:17-78
75                android:value="androidx.startup" />
75-->[androidx.lifecycle:lifecycle-process:2.4.1] AndroidManifest.xml:33:17-49
76        </provider>
77    </application>
78
79</manifest>